<?xml version="1.0" encoding="UTF-8"?>
<!-- Generated by org.testng.reporters.JUnitReportReporter -->
<testsuite skipped="0" hostname="DESKTOP-LETDF0S" name="harinder.seleniumTest" tests="2" failures="0" timestamp="2020-06-29T18:14:46 IST" time="0.015" errors="0">
  <testcase name="BrowserAutomation" time="0.013" classname="harinder.seleniumTest"/>
  <system-out/>
  <testcase name="elementsUI" time="0.002" classname="harinder.seleniumTest"/>
  <system-out/>
</testsuite> <!-- harinder.seleniumTest -->
