<?xml version="1.0" encoding="UTF-8"?>
<!-- Generated by org.testng.reporters.JUnitReportReporter -->
<testsuite skipped="0" hostname="DESKTOP-LETDF0S" name="harinder.Appium" tests="2" failures="0" timestamp="2020-06-29T18:15:51 IST" time="0.014" errors="0">
  <testcase name="AndroidApp" time="0.012" classname="harinder.Appium"/>
  <system-out/>
  <testcase name="IOSApp" time="0.002" classname="harinder.Appium"/>
  <system-out/>
</testsuite> <!-- harinder.Appium -->
