<?xml version="1.0" encoding="UTF-8"?>
<!-- Generated by org.testng.reporters.JUnitReportReporter -->
<testsuite skipped="0" hostname="DESKTOP-LETDF0S" name="harinder.restapiTest" tests="2" failures="0" timestamp="2020-06-29T19:12:13 IST" time="0.000" errors="0">
  <testcase name="methods" time="0.000" classname="harinder.restapiTest"/>
  <system-out/>
  <testcase name="postJira" time="0.000" classname="harinder.restapiTest"/>
  <system-out/>
</testsuite> <!-- harinder.restapiTest -->
