<?xml version="1.0" encoding="UTF-8"?>
<!-- Generated by org.testng.reporters.JUnitReportReporter -->
<testsuite skipped="0" hostname="DESKTOP-LETDF0S" name="harinder.AppiumTest" tests="2" failures="0" timestamp="2020-06-29T19:12:13 IST" time="0.005" errors="0">
  <testcase name="IOSApp" time="0.000" classname="harinder.AppiumTest"/>
  <system-out/>
  <testcase name="AndroidApp" time="0.005" classname="harinder.AppiumTest"/>
  <system-out/>
</testsuite> <!-- harinder.AppiumTest -->
